\BOOKMARK [0][-]{chapter*.1}{Preamble}{}% 1
\BOOKMARK [0][-]{chapter.1}{Theory und Methodology}{}% 2
\BOOKMARK [1][-]{section.1.1}{Density Functional Theory}{chapter.1}% 3
\BOOKMARK [1][-]{section.1.2}{Periodic Boundary Conditions}{chapter.1}% 4
\BOOKMARK [1][-]{section.1.3}{Atom Centered Basis and Peculiarities}{chapter.1}% 5
\BOOKMARK [1][-]{section.1.4}{Ab-initio Molecular Dynamics}{chapter.1}% 6
\BOOKMARK [1][-]{section.1.5}{Frequencies and Intensities}{chapter.1}% 7
\BOOKMARK [1][-]{section.1.6}{Finding Transition States}{chapter.1}% 8
\BOOKMARK [1][-]{section.1.7}{From Density Functionals to Hybrids and Perturbation Theory}{chapter.1}% 9
\BOOKMARK [1][-]{section.1.8}{Computational Details and Used Programs}{chapter.1}% 10
\BOOKMARK [1][-]{section.1.9}{Experimental Techniques}{chapter.1}% 11
\BOOKMARK [2][-]{subsection.1.9.1}{Vibrational Sum Frequency Generation}{section.1.9}% 12
\BOOKMARK [2][-]{subsection.1.9.2}{Thermal Desorption Spectroscopy}{section.1.9}% 13
\BOOKMARK [2][-]{subsection.1.9.3}{Molecular Beam Source vs. Pinhole Dosing}{section.1.9}% 14
\BOOKMARK [2][-]{subsection.1.9.4}{Low-Energy Electron Diffraction}{section.1.9}% 15
\BOOKMARK [0][-]{chapter.2}{Water on -Al2O3\(1120\)}{}% 16
\BOOKMARK [1][-]{section.2.1}{Surface Model}{chapter.2}% 17
\BOOKMARK [1][-]{section.2.2}{Structure Search}{chapter.2}% 18
\BOOKMARK [1][-]{section.2.3}{Reactions and Microkinetic Model}{chapter.2}% 19
\BOOKMARK [1][-]{section.2.4}{Vibrational Frequencies / Spectroscopic Properties}{chapter.2}% 20
\BOOKMARK [2][-]{subsection.2.4.1}{Normal Mode Analysis}{section.2.4}% 21
\BOOKMARK [2][-]{subsection.2.4.2}{Velocity-Velocity Autocorrelation Function}{section.2.4}% 22
\BOOKMARK [1][-]{section.2.5}{Desorption Process}{chapter.2}% 23
\BOOKMARK [0][-]{chapter.3}{Water on -Al2O3\(0001\)}{}% 24
\BOOKMARK [1][-]{section.3.1}{Surface Model and Static Calculations}{chapter.3}% 25
\BOOKMARK [1][-]{section.3.2}{AIMD for MBS Process}{chapter.3}% 26
\BOOKMARK [2][-]{subsection.3.2.1}{Beam Model}{section.3.2}% 27
\BOOKMARK [2][-]{subsection.3.2.2}{Example Trajectories}{section.3.2}% 28
\BOOKMARK [2][-]{subsection.3.2.3}{Microcanonical AIMD at clean surface}{section.3.2}% 29
\BOOKMARK [2][-]{subsection.3.2.4}{Thermalized Surface}{section.3.2}% 30
\BOOKMARK [2][-]{subsection.3.2.5}{Refined Surface Model}{section.3.2}% 31
\BOOKMARK [2][-]{subsection.3.2.6}{Refined Beam Model}{section.3.2}% 32
\BOOKMARK [1][-]{section.3.3}{Improvement of Reaction Rates}{chapter.3}% 33
\BOOKMARK [2][-]{subsection.3.3.1}{MP2 and B3LYP}{section.3.3}% 34
\BOOKMARK [2][-]{subsection.3.3.2}{PIMD}{section.3.3}% 35
\BOOKMARK [2][-]{subsection.3.3.3}{QM/QM Embedding Scheme}{section.3.3}% 36
\BOOKMARK [0][-]{chapter*.48}{Summary}{}% 37
\BOOKMARK [0][-]{chapter*.50}{Appendix}{}% 38
\BOOKMARK [0][-]{chapter*.53}{References}{}% 39
