This is pdfTeX, Version 3.14159265-2.6-1.40.18 (MiKTeX 2.9.6350 64-bit) (preloaded format=pdflatex 2017.7.31)  22 DEC 2017 12:41
entering extended mode
**./dissertation.tex
(dissertation.tex
LaTeX2e <2017-04-15>
Babel <3.10> and hyphenation patterns for 75 language(s) loaded.
(C:\Users\Sophia\AppData\Roaming\MiKTeX\2.9\tex\latex\koma-script\scrbook.cls
Document Class: scrbook 2017/04/13 v3.23 KOMA-Script document class (book)
(C:\Users\Sophia\AppData\Roaming\MiKTeX\2.9\tex\latex\koma-script\scrkbase.sty
Package: scrkbase 2017/04/13 v3.23 KOMA-Script package (KOMA-Script-dependent b
asics and keyval usage)

(C:\Users\Sophia\AppData\Roaming\MiKTeX\2.9\tex\latex\koma-script\scrbase.sty
Package: scrbase 2017/04/13 v3.23 KOMA-Script package (KOMA-Script-independent 
basics and keyval usage)

("C:\Program Files\MiKTeX 2.9\tex\latex\graphics\keyval.sty"
Package: keyval 2014/10/28 v1.15 key=value parser (DPC)
\KV@toks@=\toks14
)
(C:\Users\Sophia\AppData\Roaming\MiKTeX\2.9\tex\latex\koma-script\scrlfile.sty
Package: scrlfile 2017/04/13 v3.23 KOMA-Script package (loading files)

Package scrlfile, 2017/04/13 v3.23 KOMA-Script package (loading files)
                  Copyright (C) Markus Kohm

)))
(C:\Users\Sophia\AppData\Roaming\MiKTeX\2.9\tex\latex\koma-script\tocbasic.sty
Package: tocbasic 2017/04/13 v3.23 KOMA-Script package (handling toc-files)
\scr@dte@tocline@numberwidth=\skip41
\scr@dte@tocline@numbox=\box26
)
Package tocbasic Info: omitting babel extension for `toc'
(tocbasic)             because of feature `nobabel' available
(tocbasic)             for `toc' on input line 133.
Package tocbasic Info: omitting babel extension for `lof'
(tocbasic)             because of feature `nobabel' available
(tocbasic)             for `lof' on input line 135.
Package tocbasic Info: omitting babel extension for `lot'
(tocbasic)             because of feature `nobabel' available
(tocbasic)             for `lot' on input line 136.
Package tocbasic Info: defining new hook before heading of `' on input line 160
8.
Package scrbook Info: You've used standard option `11pt'.
(scrbook)             This is correct!
(scrbook)             Internally I'm using `fontsize=11pt'.
(scrbook)             If you'd like to set the option with \KOMAoptions,
(scrbook)             you'd have to use `fontsize=11pt' there
(scrbook)             instead of `11pt', too.
Class scrbook Info: File `scrsize11pt.clo' used to setup font sizes on input li
ne 2275.

(C:\Users\Sophia\AppData\Roaming\MiKTeX\2.9\tex\latex\koma-script\scrsize11pt.c
lo
File: scrsize11pt.clo 2017/04/13 v3.23 KOMA-Script font size class option (11pt
)
)
(C:\Users\Sophia\AppData\Roaming\MiKTeX\2.9\tex\latex\koma-script\typearea.sty
Package: typearea 2017/04/13 v3.23 KOMA-Script package (type area)
\ta@bcor=\skip42
\ta@div=\count79
Package typearea Info: You've used standard option `a4paper'.
(typearea)             This is correct!
(typearea)             Internally I'm using `paper=a4'.
(typearea)             If you'd like to set the option with \KOMAoptions,
(typearea)             you'd have to use `paper=a4' there
(typearea)             instead of `a4paper', too.
\ta@hblk=\skip43
\ta@vblk=\skip44
\ta@temp=\skip45
\footheight=\skip46
Package typearea Info: These are the values describing the layout:
(typearea)             DIV  = 13
(typearea)             BCOR = 14.22636pt
(typearea)             \paperwidth      = 597.50793pt
(typearea)              \textwidth      = 448.67813pt
(typearea)              DIV departure   = -14%
(typearea)              \evensidemargin = 17.46564pt
(typearea)              \oddsidemargin  = -13.17581pt
(typearea)             \paperheight     = 845.04694pt
(typearea)              \textheight     = 623.00027pt
(typearea)              \topmargin      = -7.26639pt
(typearea)              \headheight     = 17.0pt
(typearea)              \headsep        = 20.40001pt
(typearea)              \topskip        = 11.0pt
(typearea)              \footskip       = 47.6pt
(typearea)              \baselineskip   = 13.6pt
(typearea)              on input line 1647.
)
\c@part=\count80
\c@chapter=\count81
\c@section=\count82
\c@subsection=\count83
\c@subsubsection=\count84
\c@paragraph=\count85
\c@subparagraph=\count86
\scr@dte@part@maxnumwidth=\skip47
\scr@dte@chapter@maxnumwidth=\skip48
\scr@dte@section@maxnumwidth=\skip49
\scr@dte@subsection@maxnumwidth=\skip50
\scr@dte@subsubsection@maxnumwidth=\skip51
\scr@dte@paragraph@maxnumwidth=\skip52
\scr@dte@subparagraph@maxnumwidth=\skip53
LaTeX Info: Redefining \textsubscript on input line 4843.
\abovecaptionskip=\skip54
\belowcaptionskip=\skip55
\c@pti@nb@sid@b@x=\box27
\c@figure=\count87
\c@table=\count88
Class scrbook Info: Redefining `\numberline' on input line 6000.
\bibindent=\dimen102
) ("C:\Program Files\MiKTeX 2.9\tex\generic\babel\babel.sty"
Package: babel 2017/05/19 3.10 The Babel package

*************************************
* Local config file bblopts.cfg used
*
(C:\Users\Sophia\AppData\Roaming\MiKTeX\2.9\tex\latex\arabi\bblopts.cfg
File: bblopts.cfg 2005/09/08 v0.1 add Arabic and Farsi to "declared" options of
 babel
)
("C:\Program Files\MiKTeX 2.9\tex\latex\babel-english\english.ldf"
Language: english 2017/01/24 v3.3q English support from the babel system

("C:\Program Files\MiKTeX 2.9\tex\generic\babel\babel.def"
File: babel.def 2017/05/19 3.10 Babel common definitions
\babel@savecnt=\count89
\U@D=\dimen103
)
\l@canadian = a dialect from \language\l@american 
\l@australian = a dialect from \language\l@british 
\l@newzealand = a dialect from \language\l@british 
))
("C:\Program Files\MiKTeX 2.9\tex\latex\base\inputenc.sty"
Package: inputenc 2015/03/17 v1.2c Input encoding file
\inpenc@prehook=\toks15
\inpenc@posthook=\toks16

("C:\Program Files\MiKTeX 2.9\tex\latex\base\latin1.def"
File: latin1.def 2015/03/17 v1.2c Input encoding file
))
("C:\Program Files\MiKTeX 2.9\tex\latex\base\fontenc.sty"
Package: fontenc 2017/04/05 v2.0i Standard LaTeX package

("C:\Program Files\MiKTeX 2.9\tex\latex\base\t1enc.def"
File: t1enc.def 2017/04/05 v2.0i Standard LaTeX file
LaTeX Font Info:    Redeclaring font encoding T1 on input line 48.
))
("C:\Program Files\MiKTeX 2.9\tex\latex\lm\lmodern.sty"
Package: lmodern 2009/10/30 v1.6 Latin Modern Fonts
LaTeX Font Info:    Overwriting symbol font `operators' in version `normal'
(Font)                  OT1/cmr/m/n --> OT1/lmr/m/n on input line 22.
LaTeX Font Info:    Overwriting symbol font `letters' in version `normal'
(Font)                  OML/cmm/m/it --> OML/lmm/m/it on input line 23.
LaTeX Font Info:    Overwriting symbol font `symbols' in version `normal'
(Font)                  OMS/cmsy/m/n --> OMS/lmsy/m/n on input line 24.
LaTeX Font Info:    Overwriting symbol font `largesymbols' in version `normal'
(Font)                  OMX/cmex/m/n --> OMX/lmex/m/n on input line 25.
LaTeX Font Info:    Overwriting symbol font `operators' in version `bold'
(Font)                  OT1/cmr/bx/n --> OT1/lmr/bx/n on input line 26.
LaTeX Font Info:    Overwriting symbol font `letters' in version `bold'
(Font)                  OML/cmm/b/it --> OML/lmm/b/it on input line 27.
LaTeX Font Info:    Overwriting symbol font `symbols' in version `bold'
(Font)                  OMS/cmsy/b/n --> OMS/lmsy/b/n on input line 28.
LaTeX Font Info:    Overwriting symbol font `largesymbols' in version `bold'
(Font)                  OMX/cmex/m/n --> OMX/lmex/m/n on input line 29.
LaTeX Font Info:    Overwriting math alphabet `\mathbf' in version `normal'
(Font)                  OT1/cmr/bx/n --> OT1/lmr/bx/n on input line 31.
LaTeX Font Info:    Overwriting math alphabet `\mathsf' in version `normal'
(Font)                  OT1/cmss/m/n --> OT1/lmss/m/n on input line 32.
LaTeX Font Info:    Overwriting math alphabet `\mathit' in version `normal'
(Font)                  OT1/cmr/m/it --> OT1/lmr/m/it on input line 33.
LaTeX Font Info:    Overwriting math alphabet `\mathtt' in version `normal'
(Font)                  OT1/cmtt/m/n --> OT1/lmtt/m/n on input line 34.
LaTeX Font Info:    Overwriting math alphabet `\mathbf' in version `bold'
(Font)                  OT1/cmr/bx/n --> OT1/lmr/bx/n on input line 35.
LaTeX Font Info:    Overwriting math alphabet `\mathsf' in version `bold'
(Font)                  OT1/cmss/bx/n --> OT1/lmss/bx/n on input line 36.
LaTeX Font Info:    Overwriting math alphabet `\mathit' in version `bold'
(Font)                  OT1/cmr/bx/it --> OT1/lmr/bx/it on input line 37.
LaTeX Font Info:    Overwriting math alphabet `\mathtt' in version `bold'
(Font)                  OT1/cmtt/m/n --> OT1/lmtt/m/n on input line 38.
)
(C:\Users\Sophia\AppData\Roaming\MiKTeX\2.9\tex\latex\was\upgreek.sty
Package: upgreek 2003/02/12 v2.0 (WaS)
Package upgreek Info: Using Euler Roman for upright Greek on input line 31.
\symugrf@m=\mathgroup4
LaTeX Font Info:    Overwriting symbol font `ugrf@m' in version `bold'
(Font)                  U/eur/m/n --> U/eur/b/n on input line 38.
)
("C:\Program Files\MiKTeX 2.9\tex\latex\graphics\rotating.sty"
Package: rotating 2016/08/11 v2.16d rotated objects in LaTeX

("C:\Program Files\MiKTeX 2.9\tex\latex\graphics\graphicx.sty"
Package: graphicx 2014/10/28 v1.0g Enhanced LaTeX Graphics (DPC,SPQR)

("C:\Program Files\MiKTeX 2.9\tex\latex\graphics\graphics.sty"
Package: graphics 2017/04/14 v1.1b Standard LaTeX Graphics (DPC,SPQR)

("C:\Program Files\MiKTeX 2.9\tex\latex\graphics\trig.sty"
Package: trig 2016/01/03 v1.10 sin cos tan (DPC)
)
("C:\Program Files\MiKTeX 2.9\tex\latex\graphics-cfg\graphics.cfg"
File: graphics.cfg 2016/06/04 v1.11 sample graphics configuration
)
Package graphics Info: Driver file: pdftex.def on input line 99.

("C:\Program Files\MiKTeX 2.9\tex\latex\graphics-def\pdftex.def"
File: pdftex.def 2017/01/12 v0.06k Graphics/color for pdfTeX

("C:\Program Files\MiKTeX 2.9\tex\generic\oberdiek\infwarerr.sty"
Package: infwarerr 2016/05/16 v1.4 Providing info/warning/error messages (HO)
)
("C:\Program Files\MiKTeX 2.9\tex\generic\oberdiek\ltxcmds.sty"
Package: ltxcmds 2016/05/16 v1.23 LaTeX kernel commands for general use (HO)
)
\Gread@gobject=\count90
))
\Gin@req@height=\dimen104
\Gin@req@width=\dimen105
)
("C:\Program Files\MiKTeX 2.9\tex\latex\base\ifthen.sty"
Package: ifthen 2014/09/29 v1.1c Standard LaTeX ifthen package (DPC)
)
\c@r@tfl@t=\count91
\rotFPtop=\skip56
\rotFPbot=\skip57
\rot@float@box=\box28
\rot@mess@toks=\toks17
)
(C:\Users\Sophia\AppData\Roaming\MiKTeX\2.9\tex\latex\caption\caption.sty
Package: caption 2016/02/21 v3.3-144 Customizing captions (AR)

(C:\Users\Sophia\AppData\Roaming\MiKTeX\2.9\tex\latex\caption\caption3.sty
Package: caption3 2016/05/22 v1.7-166 caption3 kernel (AR)
Package caption3 Info: TeX engine: e-TeX on input line 67.
\captionmargin=\dimen106
\captionmargin@=\dimen107
\captionwidth=\dimen108
\caption@tempdima=\dimen109
\caption@indent=\dimen110
\caption@parindent=\dimen111
\caption@hangindent=\dimen112
)
Package caption Info: KOMA-Script document class.
\c@ContinuedFloat=\count92
Package caption Info: rotating package is loaded.
)
(C:\Users\Sophia\AppData\Roaming\MiKTeX\2.9\tex\latex\xcolor\xcolor.sty
Package: xcolor 2016/05/11 v2.12 LaTeX color extensions (UK)

("C:\Program Files\MiKTeX 2.9\tex\latex\graphics-cfg\color.cfg"
File: color.cfg 2016/01/02 v1.6 sample color configuration
)
Package xcolor Info: Driver file: pdftex.def on input line 225.
Package xcolor Info: Model `cmy' substituted by `cmy0' on input line 1348.
Package xcolor Info: Model `hsb' substituted by `rgb' on input line 1352.
Package xcolor Info: Model `RGB' extended on input line 1364.
Package xcolor Info: Model `HTML' substituted by `rgb' on input line 1366.
Package xcolor Info: Model `Hsb' substituted by `hsb' on input line 1367.
Package xcolor Info: Model `tHsb' substituted by `hsb' on input line 1368.
Package xcolor Info: Model `HSB' substituted by `hsb' on input line 1369.
Package xcolor Info: Model `Gray' substituted by `gray' on input line 1370.
Package xcolor Info: Model `wave' substituted by `hsb' on input line 1371.
)
("C:\Program Files\MiKTeX 2.9\tex\latex\amsmath\amsmath.sty"
Package: amsmath 2016/11/05 v2.16a AMS math features
\@mathmargin=\skip58

For additional information on amsmath, use the `?' option.
("C:\Program Files\MiKTeX 2.9\tex\latex\amsmath\amstext.sty"
Package: amstext 2000/06/29 v2.01 AMS text

("C:\Program Files\MiKTeX 2.9\tex\latex\amsmath\amsgen.sty"
File: amsgen.sty 1999/11/30 v2.0 generic functions
\@emptytoks=\toks18
\ex@=\dimen113
))
("C:\Program Files\MiKTeX 2.9\tex\latex\amsmath\amsbsy.sty"
Package: amsbsy 1999/11/29 v1.2d Bold Symbols
\pmbraise@=\dimen114
)
("C:\Program Files\MiKTeX 2.9\tex\latex\amsmath\amsopn.sty"
Package: amsopn 2016/03/08 v2.02 operator names
)
\inf@bad=\count93
LaTeX Info: Redefining \frac on input line 213.
\uproot@=\count94
\leftroot@=\count95
LaTeX Info: Redefining \overline on input line 375.
\classnum@=\count96
\DOTSCASE@=\count97
LaTeX Info: Redefining \ldots on input line 472.
LaTeX Info: Redefining \dots on input line 475.
LaTeX Info: Redefining \cdots on input line 596.
\Mathstrutbox@=\box29
\strutbox@=\box30
\big@size=\dimen115
LaTeX Font Info:    Redeclaring font encoding OML on input line 712.
LaTeX Font Info:    Redeclaring font encoding OMS on input line 713.
\macc@depth=\count98
\c@MaxMatrixCols=\count99
\dotsspace@=\muskip10
\c@parentequation=\count100
\dspbrk@lvl=\count101
\tag@help=\toks19
\row@=\count102
\column@=\count103
\maxfields@=\count104
\andhelp@=\toks20
\eqnshift@=\dimen116
\alignsep@=\dimen117
\tagshift@=\dimen118
\tagwidth@=\dimen119
\totwidth@=\dimen120
\lineht@=\dimen121
\@envbody=\toks21
\multlinegap=\skip59
\multlinetaggap=\skip60
\mathdisplay@stack=\toks22
LaTeX Info: Redefining \[ on input line 2817.
LaTeX Info: Redefining \] on input line 2818.
)
("C:\Program Files\MiKTeX 2.9\tex\latex\amsfonts\amssymb.sty"
Package: amssymb 2013/01/14 v3.01 AMS font symbols

("C:\Program Files\MiKTeX 2.9\tex\latex\amsfonts\amsfonts.sty"
Package: amsfonts 2013/01/14 v3.01 Basic AMSFonts support
\symAMSa=\mathgroup5
\symAMSb=\mathgroup6
LaTeX Font Info:    Overwriting math alphabet `\mathfrak' in version `bold'
(Font)                  U/euf/m/n --> U/euf/b/n on input line 106.
))
(C:\Users\Sophia\AppData\Roaming\MiKTeX\2.9\tex\latex\setspace\setspace.sty
Package: setspace 2011/12/19 v6.7a set line spacing
)
(C:\Users\Sophia\AppData\Roaming\MiKTeX\2.9\tex\latex\titlesec\titletoc.sty
Package: titletoc 2011/12/15 v1.6 TOC entries
\ttl@leftsep=\dimen122
)
(C:\Users\Sophia\AppData\Roaming\MiKTeX\2.9\tex\latex\koma-script\scrpage2.sty
Package: scrpage2 2017/04/13 v3.23 KOMA-Script package (page head and foot)
LaTeX Info: Redefining \pagemark on input line 174.
) ("C:\Program Files\MiKTeX 2.9\tex\latex\base\textcomp.sty"
Package: textcomp 2017/04/05 v2.0i Standard LaTeX package
Package textcomp Info: Sub-encoding information:
(textcomp)               5 = only ISO-Adobe without \textcurrency
(textcomp)               4 = 5 + \texteuro
(textcomp)               3 = 4 + \textohm
(textcomp)               2 = 3 + \textestimated + \textcurrency
(textcomp)               1 = TS1 - \textcircled - \t
(textcomp)               0 = TS1 (full)
(textcomp)             Font families with sub-encoding setting implement
(textcomp)             only a restricted character set as indicated.
(textcomp)             Family '?' is the default used for unknown fonts.
(textcomp)             See the documentation for details.
Package textcomp Info: Setting ? sub-encoding to TS1/1 on input line 79.

("C:\Program Files\MiKTeX 2.9\tex\latex\base\ts1enc.def"
File: ts1enc.def 2001/06/05 v3.0e (jk/car/fm) Standard LaTeX file
)
LaTeX Info: Redefining \oldstylenums on input line 334.
Package textcomp Info: Setting cmr sub-encoding to TS1/0 on input line 349.
Package textcomp Info: Setting cmss sub-encoding to TS1/0 on input line 350.
Package textcomp Info: Setting cmtt sub-encoding to TS1/0 on input line 351.
Package textcomp Info: Setting cmvtt sub-encoding to TS1/0 on input line 352.
Package textcomp Info: Setting cmbr sub-encoding to TS1/0 on input line 353.
Package textcomp Info: Setting cmtl sub-encoding to TS1/0 on input line 354.
Package textcomp Info: Setting ccr sub-encoding to TS1/0 on input line 355.
Package textcomp Info: Setting ptm sub-encoding to TS1/4 on input line 356.
Package textcomp Info: Setting pcr sub-encoding to TS1/4 on input line 357.
Package textcomp Info: Setting phv sub-encoding to TS1/4 on input line 358.
Package textcomp Info: Setting ppl sub-encoding to TS1/3 on input line 359.
Package textcomp Info: Setting pag sub-encoding to TS1/4 on input line 360.
Package textcomp Info: Setting pbk sub-encoding to TS1/4 on input line 361.
Package textcomp Info: Setting pnc sub-encoding to TS1/4 on input line 362.
Package textcomp Info: Setting pzc sub-encoding to TS1/4 on input line 363.
Package textcomp Info: Setting bch sub-encoding to TS1/4 on input line 364.
Package textcomp Info: Setting put sub-encoding to TS1/5 on input line 365.
Package textcomp Info: Setting uag sub-encoding to TS1/5 on input line 366.
Package textcomp Info: Setting ugq sub-encoding to TS1/5 on input line 367.
Package textcomp Info: Setting ul8 sub-encoding to TS1/4 on input line 368.
Package textcomp Info: Setting ul9 sub-encoding to TS1/4 on input line 369.
Package textcomp Info: Setting augie sub-encoding to TS1/5 on input line 370.
Package textcomp Info: Setting dayrom sub-encoding to TS1/3 on input line 371.
Package textcomp Info: Setting dayroms sub-encoding to TS1/3 on input line 372.

Package textcomp Info: Setting pxr sub-encoding to TS1/0 on input line 373.
Package textcomp Info: Setting pxss sub-encoding to TS1/0 on input line 374.
Package textcomp Info: Setting pxtt sub-encoding to TS1/0 on input line 375.
Package textcomp Info: Setting txr sub-encoding to TS1/0 on input line 376.
Package textcomp Info: Setting txss sub-encoding to TS1/0 on input line 377.
Package textcomp Info: Setting txtt sub-encoding to TS1/0 on input line 378.
Package textcomp Info: Setting lmr sub-encoding to TS1/0 on input line 379.
Package textcomp Info: Setting lmdh sub-encoding to TS1/0 on input line 380.
Package textcomp Info: Setting lmss sub-encoding to TS1/0 on input line 381.
Package textcomp Info: Setting lmssq sub-encoding to TS1/0 on input line 382.
Package textcomp Info: Setting lmvtt sub-encoding to TS1/0 on input line 383.
Package textcomp Info: Setting lmtt sub-encoding to TS1/0 on input line 384.
Package textcomp Info: Setting qhv sub-encoding to TS1/0 on input line 385.
Package textcomp Info: Setting qag sub-encoding to TS1/0 on input line 386.
Package textcomp Info: Setting qbk sub-encoding to TS1/0 on input line 387.
Package textcomp Info: Setting qcr sub-encoding to TS1/0 on input line 388.
Package textcomp Info: Setting qcs sub-encoding to TS1/0 on input line 389.
Package textcomp Info: Setting qpl sub-encoding to TS1/0 on input line 390.
Package textcomp Info: Setting qtm sub-encoding to TS1/0 on input line 391.
Package textcomp Info: Setting qzc sub-encoding to TS1/0 on input line 392.
Package textcomp Info: Setting qhvc sub-encoding to TS1/0 on input line 393.
Package textcomp Info: Setting futs sub-encoding to TS1/4 on input line 394.
Package textcomp Info: Setting futx sub-encoding to TS1/4 on input line 395.
Package textcomp Info: Setting futj sub-encoding to TS1/4 on input line 396.
Package textcomp Info: Setting hlh sub-encoding to TS1/3 on input line 397.
Package textcomp Info: Setting hls sub-encoding to TS1/3 on input line 398.
Package textcomp Info: Setting hlst sub-encoding to TS1/3 on input line 399.
Package textcomp Info: Setting hlct sub-encoding to TS1/5 on input line 400.
Package textcomp Info: Setting hlx sub-encoding to TS1/5 on input line 401.
Package textcomp Info: Setting hlce sub-encoding to TS1/5 on input line 402.
Package textcomp Info: Setting hlcn sub-encoding to TS1/5 on input line 403.
Package textcomp Info: Setting hlcw sub-encoding to TS1/5 on input line 404.
Package textcomp Info: Setting hlcf sub-encoding to TS1/5 on input line 405.
Package textcomp Info: Setting pplx sub-encoding to TS1/3 on input line 406.
Package textcomp Info: Setting pplj sub-encoding to TS1/3 on input line 407.
Package textcomp Info: Setting ptmx sub-encoding to TS1/4 on input line 408.
Package textcomp Info: Setting ptmj sub-encoding to TS1/4 on input line 409.
)
(C:\Users\Sophia\AppData\Roaming\MiKTeX\2.9\tex\latex\ms\ragged2e.sty
Package: ragged2e 2009/05/21 v2.1 ragged2e Package (MS)

(C:\Users\Sophia\AppData\Roaming\MiKTeX\2.9\tex\latex\ms\everysel.sty
Package: everysel 2011/10/28 v1.2 EverySelectfont Package (MS)
)
\CenteringLeftskip=\skip61
\RaggedLeftLeftskip=\skip62
\RaggedRightLeftskip=\skip63
\CenteringRightskip=\skip64
\RaggedLeftRightskip=\skip65
\RaggedRightRightskip=\skip66
\CenteringParfillskip=\skip67
\RaggedLeftParfillskip=\skip68
\RaggedRightParfillskip=\skip69
\JustifyingParfillskip=\skip70
\CenteringParindent=\skip71
\RaggedLeftParindent=\skip72
\RaggedRightParindent=\skip73
\JustifyingParindent=\skip74
)
(C:\Users\Sophia\AppData\Roaming\MiKTeX\2.9\tex\latex\booktabs\booktabs.sty
Package: booktabs 2005/04/14 v1.61803 publication quality tables
\heavyrulewidth=\dimen123
\lightrulewidth=\dimen124
\cmidrulewidth=\dimen125
\belowrulesep=\dimen126
\belowbottomsep=\dimen127
\aboverulesep=\dimen128
\abovetopsep=\dimen129
\cmidrulesep=\dimen130
\cmidrulekern=\dimen131
\defaultaddspace=\dimen132
\@cmidla=\count105
\@cmidlb=\count106
\@aboverulesep=\dimen133
\@belowrulesep=\dimen134
\@thisruleclass=\count107
\@lastruleclass=\count108
\@thisrulewidth=\dimen135
)
(C:\Users\Sophia\AppData\Roaming\MiKTeX\2.9\tex\latex\threeparttable\threepartt
able.sty
Package: threeparttable 2003/06/13  v 3.0
\@tempboxb=\box31
)
(C:\Users\Sophia\AppData\Roaming\MiKTeX\2.9\tex\latex\subfigure\subfigure.sty
Package: subfigure 2002/07/30 v2.1.4 subfigure package
\subfigtopskip=\skip75
\subfigcapskip=\skip76
\subfigcaptopadj=\dimen136
\subfigbottomskip=\skip77
\subfigcapmargin=\dimen137
\subfiglabelskip=\skip78
\c@subfigure=\count109
\c@lofdepth=\count110
\c@subtable=\count111
\c@lotdepth=\count112

****************************************
* Local config file subfigure.cfg used *
****************************************
(C:\Users\Sophia\AppData\Roaming\MiKTeX\2.9\tex\latex\subfigure\subfigure.cfg)
\subfig@top=\skip79
\subfig@bottom=\skip80
) (C:\Users\Sophia\AppData\Roaming\MiKTeX\2.9\tex\latex\enumitem\enumitem.sty
Package: enumitem 2011/09/28 v3.5.2 Customized lists
\labelindent=\skip81
\enit@outerparindent=\dimen138
\enit@toks=\toks23
\enit@inbox=\box32
\enitdp@description=\count113
)
(C:\Users\Sophia\AppData\Roaming\MiKTeX\2.9\tex\latex\etoolbox\etoolbox.sty
Package: etoolbox 2017/01/02 v2.4 e-TeX tools for LaTeX (JAW)
\etb@tempcnta=\count114
)
(C:\Users\Sophia\AppData\Roaming\MiKTeX\2.9\tex\latex\natbib\bibentry.sty
Package: bibentry 2007/10/30 1.5 (PWD)
)
(C:\Users\Sophia\AppData\Roaming\MiKTeX\2.9\tex\latex\placeins\placeins.sty
Package: placeins 2005/04/18  v 2.2
)
(C:\Users\Sophia\AppData\Roaming\MiKTeX\2.9\tex\latex\cite\cite.sty
LaTeX Info: Redefining \cite on input line 302.
LaTeX Info: Redefining \nocite on input line 332.
Package: cite 2015/02/27  v 5.5
)
No file dissertation.bbl.
LaTeX Font Info:    Try loading font information for T1+lmr on input line 36.
("C:\Program Files\MiKTeX 2.9\tex\latex\lm\t1lmr.fd"
File: t1lmr.fd 2009/10/30 v1.6 Font defs for Latin Modern
)
Package typearea Info: These are the values describing the layout:
(typearea)             DIV  = 13
(typearea)             BCOR = 14.22636pt
(typearea)             \paperwidth      = 597.50793pt
(typearea)              \textwidth      = 448.67813pt
(typearea)              DIV departure   = -14%
(typearea)              \evensidemargin = 17.46564pt
(typearea)              \oddsidemargin  = -13.17581pt
(typearea)             \paperheight     = 845.04694pt
(typearea)              \textheight     = 606.0pt
(typearea)              \topmargin      = -7.26639pt
(typearea)              \headheight     = 21.25pt
(typearea)              \headsep        = 25.5pt
(typearea)              \topskip        = 11.0pt
(typearea)              \footskip       = 59.5pt
(typearea)              \baselineskip   = 17.0pt
(typearea)              on input line 36.

(C:\Users\Sophia\AppData\Roaming\MiKTeX\2.9\tex\latex\footmisc\footmisc.sty
Package: footmisc 2011/06/06 v5.5b a miscellany of footnote facilities
\FN@temptoken=\toks24
\footnotemargin=\dimen139
\c@pp@next@reset=\count115
Package footmisc Info: Declaring symbol style bringhurst on input line 855.
Package footmisc Info: Declaring symbol style chicago on input line 863.
Package footmisc Info: Declaring symbol style wiley on input line 872.
Package footmisc Info: Declaring symbol style lamport-robust on input line 883.

Package footmisc Info: Declaring symbol style lamport* on input line 903.
Package footmisc Info: Declaring symbol style lamport*-robust on input line 924
.
)
(dissertation.aux)
\openout1 = `dissertation.aux'.

LaTeX Font Info:    Checking defaults for OML/cmm/m/it on input line 127.
LaTeX Font Info:    ... okay on input line 127.
LaTeX Font Info:    Checking defaults for T1/cmr/m/n on input line 127.
LaTeX Font Info:    ... okay on input line 127.
LaTeX Font Info:    Checking defaults for OT1/cmr/m/n on input line 127.
LaTeX Font Info:    ... okay on input line 127.
LaTeX Font Info:    Checking defaults for OMS/cmsy/m/n on input line 127.
LaTeX Font Info:    ... okay on input line 127.
LaTeX Font Info:    Checking defaults for OMX/cmex/m/n on input line 127.
LaTeX Font Info:    ... okay on input line 127.
LaTeX Font Info:    Checking defaults for U/cmr/m/n on input line 127.
LaTeX Font Info:    ... okay on input line 127.
LaTeX Font Info:    Checking defaults for TS1/cmr/m/n on input line 127.
LaTeX Font Info:    Try loading font information for TS1+cmr on input line 127.

 ("C:\Program Files\MiKTeX 2.9\tex\latex\base\ts1cmr.fd"
File: ts1cmr.fd 2014/09/29 v2.5h Standard LaTeX font definitions
)
LaTeX Font Info:    ... okay on input line 127.

(C:\Users\Sophia\AppData\Roaming\MiKTeX\2.9\tex\context\base\supp-pdf.mkii
[Loading MPS to PDF converter (version 2006.09.02).]
\scratchcounter=\count116
\scratchdimen=\dimen140
\scratchbox=\box33
\nofMPsegments=\count117
\nofMParguments=\count118
\everyMPshowfont=\toks25
\MPscratchCnt=\count119
\MPscratchDim=\dimen141
\MPnumerator=\count120
\makeMPintoPDFobject=\count121
\everyMPtoPDFconversion=\toks26
) ("C:\Program Files\MiKTeX 2.9\tex\generic\oberdiek\pdftexcmds.sty"
Package: pdftexcmds 2017/03/19 v0.25 Utility functions of pdfTeX for LuaTeX (HO
)

("C:\Program Files\MiKTeX 2.9\tex\generic\oberdiek\ifluatex.sty"
Package: ifluatex 2016/05/16 v1.4 Provides the ifluatex switch (HO)
Package ifluatex Info: LuaTeX not detected.
)
("C:\Program Files\MiKTeX 2.9\tex\generic\oberdiek\ifpdf.sty"
Package: ifpdf 2017/03/15 v3.2 Provides the ifpdf switch
)
Package pdftexcmds Info: LuaTeX not detected.
Package pdftexcmds Info: \pdf@primitive is available.
Package pdftexcmds Info: \pdf@ifprimitive is available.
Package pdftexcmds Info: \pdfdraftmode found.
)
("C:\Program Files\MiKTeX 2.9\tex\latex\oberdiek\epstopdf-base.sty"
Package: epstopdf-base 2016/05/15 v2.6 Base part for package epstopdf

("C:\Program Files\MiKTeX 2.9\tex\latex\oberdiek\grfext.sty"
Package: grfext 2016/05/16 v1.2 Manage graphics extensions (HO)

("C:\Program Files\MiKTeX 2.9\tex\generic\oberdiek\kvdefinekeys.sty"
Package: kvdefinekeys 2016/05/16 v1.4 Define keys (HO)
))
("C:\Program Files\MiKTeX 2.9\tex\latex\oberdiek\kvoptions.sty"
Package: kvoptions 2016/05/16 v3.12 Key value format for package options (HO)

("C:\Program Files\MiKTeX 2.9\tex\generic\oberdiek\kvsetkeys.sty"
Package: kvsetkeys 2016/05/16 v1.17 Key value parser (HO)

("C:\Program Files\MiKTeX 2.9\tex\generic\oberdiek\etexcmds.sty"
Package: etexcmds 2016/05/16 v1.6 Avoid name clashes with e-TeX commands (HO)
Package etexcmds Info: Could not find \expanded.
(etexcmds)             That can mean that you are not using pdfTeX 1.50 or
(etexcmds)             that some package has redefined \expanded.
(etexcmds)             In the latter case, load this package earlier.
)))
Package epstopdf-base Info: Redefining graphics rule for `.eps' on input line 4
38.
Package grfext Info: Graphics extension search list:
(grfext)             [.png,.pdf,.jpg,.mps,.jpeg,.jbig2,.jb2,.PNG,.PDF,.JPG,.JPE
G,.JBIG2,.JB2,.eps]
(grfext)             \AppendGraphicsExtensions on input line 456.
)
Package caption Info: Begin \AtBeginDocument code.
Package caption Info: subfigure package is loaded.
Package caption Info: threeparttable package is loaded.
Package caption Info: End \AtBeginDocument code.

ABD: EverySelectfont initializing macros
LaTeX Info: Redefining \selectfont on input line 127.
LaTeX Font Info:    Try loading font information for T1+lmss on input line 158.


("C:\Program Files\MiKTeX 2.9\tex\latex\lm\t1lmss.fd"
File: t1lmss.fd 2009/10/30 v1.6 Font defs for Latin Modern
)
LaTeX Font Info:    Try loading font information for OT1+lmr on input line 158.


("C:\Program Files\MiKTeX 2.9\tex\latex\lm\ot1lmr.fd"
File: ot1lmr.fd 2009/10/30 v1.6 Font defs for Latin Modern
)
LaTeX Font Info:    Try loading font information for OML+lmm on input line 158.


("C:\Program Files\MiKTeX 2.9\tex\latex\lm\omllmm.fd"
File: omllmm.fd 2009/10/30 v1.6 Font defs for Latin Modern
)
LaTeX Font Info:    Try loading font information for OMS+lmsy on input line 158
.

("C:\Program Files\MiKTeX 2.9\tex\latex\lm\omslmsy.fd"
File: omslmsy.fd 2009/10/30 v1.6 Font defs for Latin Modern
)
LaTeX Font Info:    Try loading font information for OMX+lmex on input line 158
.

("C:\Program Files\MiKTeX 2.9\tex\latex\lm\omxlmex.fd"
File: omxlmex.fd 2009/10/30 v1.6 Font defs for Latin Modern
)
LaTeX Font Info:    External font `lmex10' loaded for size
(Font)              <10.95> on input line 158.
LaTeX Font Info:    External font `lmex10' loaded for size
(Font)              <8> on input line 158.
LaTeX Font Info:    External font `lmex10' loaded for size
(Font)              <6> on input line 158.
LaTeX Font Info:    Try loading font information for U+msa on input line 158.

("C:\Program Files\MiKTeX 2.9\tex\latex\amsfonts\umsa.fd"
File: umsa.fd 2013/01/14 v3.01 AMS symbols A
)
LaTeX Font Info:    Try loading font information for U+msb on input line 158.

("C:\Program Files\MiKTeX 2.9\tex\latex\amsfonts\umsb.fd"
File: umsb.fd 2013/01/14 v3.01 AMS symbols B
)
LaTeX Font Info:    External font `lmex10' loaded for size
(Font)              <14.4> on input line 158.
LaTeX Font Info:    External font `lmex10' loaded for size
(Font)              <10> on input line 158.
LaTeX Font Info:    External font `lmex10' loaded for size
(Font)              <7> on input line 158.

<figures/UP-Logo_Matjpg.jpg, id=1, 2243.38126pt x 2421.045pt>
File: figures/UP-Logo_Matjpg.jpg Graphic file (type jpg)

<use figures/UP-Logo_Matjpg.jpg>
Package pdftex.def Info: figures/UP-Logo_Matjpg.jpg used on input line 158.
(pdftex.def)             Requested size: 44.87054pt x 48.39418pt.
 [1



{C:/ProgramData/MiKTeX/2.9/pdftex/config/pdftex.map} <./figures/UP-Logo_Matjpg.
jpg>] [2

]
chapter without number
[3


] [4



] (dissertation.toc
Package tocbasic Info: Using my definition of `\numberline' on input line 2.
Package tocbasic Info: Using my definition of `\numberline' on input line 3.
Package tocbasic Info: Using my definition of `\numberline' on input line 4.
Package tocbasic Info: Using my definition of `\numberline' on input line 5.
Package tocbasic Info: Using my definition of `\numberline' on input line 6.
Package tocbasic Info: Using my definition of `\numberline' on input line 7.


! Class scrbook Error: undefined old font command `\it'.

See the scrbook class documentation for explanation.
Type  H <return>  for immediate help.
 ...                                              
                                                  
l.7 ...{1.4}{\it Ab-initio} Molecular Dynamics}{9}
                                                  
You should note that since 1994 LaTeX2e provides a new font selection scheme
called NFSS2 with several new, combinable font commands. KOMA-Script
classes had defined the old font commands like `\it' only for compatibility
with old LaTeX 2.09 document styles of Script 2.0. Nevertheless, these
commands are deprecated and undocumented at least since 2003. Since 2013
KOMA-Script classes warned about soon removement of these deprecated commands.
Now, after two decades of LaTeX2e and NFSS2, these commands will not work any
more. If loading a package results in this error message, you should contact
the author of that package and ask him to replace the deprecated font command
`\it', e.g., by `\normalfont \itshape `. Otherwise you should reconfigure
or replace the package. If you have used the old font command `\it' yourself,
you should replace it, e.g., by `\normalfont \itshape '.
To make it work for now, you can use the already also deprecated class option
`enabledeprecatedfontcommands'.

Package tocbasic Info: Using my definition of `\numberline' on input line 8.
Package tocbasic Info: Using my definition of `\numberline' on input line 9.
Package tocbasic Info: Using my definition of `\numberline' on input line 10.
Package tocbasic Info: Using my definition of `\numberline' on input line 11.
Package tocbasic Info: Using my definition of `\numberline' on input line 12.
Package tocbasic Info: Using my definition of `\numberline' on input line 13.
Package tocbasic Info: Using my definition of `\numberline' on input line 14.
Package tocbasic Info: Using my definition of `\numberline' on input line 15.
Package tocbasic Info: Using my definition of `\numberline' on input line 16.
Package tocbasic Info: Using my definition of `\numberline' on input line 17.
Package tocbasic Info: Using my definition of `\numberline' on input line 18.
Package tocbasic Info: Using my definition of `\numberline' on input line 19.
Package tocbasic Info: Using my definition of `\numberline' on input line 20.
Package tocbasic Info: Using my definition of `\numberline' on input line 21.
Package tocbasic Info: Using my definition of `\numberline' on input line 22.
Package tocbasic Info: Using my definition of `\numberline' on input line 23.
Package tocbasic Info: Using my definition of `\numberline' on input line 24.
Package tocbasic Info: Using my definition of `\numberline' on input line 25.
Package tocbasic Info: Using my definition of `\numberline' on input line 26.
Package tocbasic Info: Using my definition of `\numberline' on input line 27.
Package tocbasic Info: Using my definition of `\numberline' on input line 28.
Package tocbasic Info: Using my definition of `\numberline' on input line 29.

Underfull \vbox (badness 1735) has occurred while \output is active []

 [5]
Package tocbasic Info: Using my definition of `\numberline' on input line 33.
Package tocbasic Info: Using my definition of `\numberline' on input line 34.
Package tocbasic Info: Using my definition of `\numberline' on input line 35.
Package tocbasic Info: Using my definition of `\numberline' on input line 36.
Package tocbasic Info: Using my definition of `\numberline' on input line 37.
Package tocbasic Info: Using my definition of `\numberline' on input line 38.
Package tocbasic Info: Using my definition of `\numberline' on input line 39.
Package tocbasic Info: Using my definition of `\numberline' on input line 41.
)
\tf@toc=\write3
\openout3 = `dissertation.toc'.


[6]
chapter 1.

Underfull \vbox (badness 10000) has occurred while \output is active []

 [7



]
Underfull \vbox (badness 6445) has occurred while \output is active []

 [8]

! Class scrbook Error: undefined old font command `\it'.

See the scrbook class documentation for explanation.
Type  H <return>  for immediate help.
 ...                                              
                                                  
l.244 \section{{\it Ab-initio} Molecular Dynamics}
                                                  
You should note that since 1994 LaTeX2e provides a new font selection scheme
called NFSS2 with several new, combinable font commands. KOMA-Script
classes had defined the old font commands like `\it' only for compatibility
with old LaTeX 2.09 document styles of Script 2.0. Nevertheless, these
commands are deprecated and undocumented at least since 2003. Since 2013
KOMA-Script classes warned about soon removement of these deprecated commands.
Now, after two decades of LaTeX2e and NFSS2, these commands will not work any
more. If loading a package results in this error message, you should contact
the author of that package and ask him to replace the deprecated font command
`\it', e.g., by `\normalfont \itshape `. Otherwise you should reconfigure
or replace the package. If you have used the old font command `\it' yourself,
you should replace it, e.g., by `\normalfont \itshape '.
To make it work for now, you can use the already also deprecated class option
`enabledeprecatedfontcommands'.


Underfull \vbox (badness 10000) has occurred while \output is active []

 [9]
Underfull \vbox (badness 10000) has occurred while \output is active []

 [10]
[11] [12] [13] [14


]
chapter 2.
LaTeX Font Info:    External font `lmex10' loaded for size
(Font)              <17.28> on input line 322.
LaTeX Font Info:    External font `lmex10' loaded for size
(Font)              <12> on input line 322.
LaTeX Font Info:    Try loading font information for TS1+lmr on input line 324.

("C:\Program Files\MiKTeX 2.9\tex\latex\lm\ts1lmr.fd"
File: ts1lmr.fd 2009/10/30 v1.6 Font defs for Latin Modern
)
<figures/al2o3-crystal.png, id=66, 394.47375pt x 557.08125pt>
File: figures/al2o3-crystal.png Graphic file (type png)

<use figures/al2o3-crystal.png>
Package pdftex.def Info: figures/al2o3-crystal.png used on input line 335.
(pdftex.def)             Requested size: 134.6048pt x 190.08514pt.

<figures/11-20/supercell_opt.png, id=68, 1168.365pt x 897.3525pt>
File: figures/11-20/supercell_opt.png Graphic file (type png)

<use figures/11-20/supercell_opt.png>
Package pdftex.def Info: figures/11-20/supercell_opt.png used on input line 338
.
(pdftex.def)             Requested size: 134.6048pt x 103.3782pt.

<figures/11-20/uc_opt.png, id=69, 1116.973pt x 683.353pt>
File: figures/11-20/uc_opt.png Graphic file (type png)

<use figures/11-20/uc_opt.png>
Package pdftex.def Info: figures/11-20/uc_opt.png used on input line 341.
(pdftex.def)             Requested size: 134.6048pt x 82.34291pt.


LaTeX Warning: `!h' float specifier changed to `!ht'.

<figures/11-20/test-Cb.pdf, id=70, 586.19pt x 586.19pt>
File: figures/11-20/test-Cb.pdf Graphic file (type pdf)

<use figures/11-20/test-Cb.pdf>
Package pdftex.def Info: figures/11-20/test-Cb.pdf used on input line 355.
(pdftex.def)             Requested size: 89.73425pt x 89.73149pt.

<figures/11-20/test-iCa2.pdf, id=71, 586.19pt x 586.19pt>
File: figures/11-20/test-iCa2.pdf Graphic file (type pdf)

<use figures/11-20/test-iCa2.pdf>
Package pdftex.def Info: figures/11-20/test-iCa2.pdf used on input line 357.
(pdftex.def)             Requested size: 89.73425pt x 89.73149pt.
LaTeX Font Info:    External font `lmex10' loaded for size
(Font)              <9> on input line 357.
LaTeX Font Info:    External font `lmex10' loaded for size
(Font)              <5> on input line 357.

<figures/11-20/test-Cb2.pdf, id=72, 585.2871pt x 585.2871pt>
File: figures/11-20/test-Cb2.pdf Graphic file (type pdf)

<use figures/11-20/test-Cb2.pdf>
Package pdftex.def Info: figures/11-20/test-Cb2.pdf used on input line 359.
(pdftex.def)             Requested size: 89.73425pt x 89.72725pt.

<figures/11-20/test-iCb2.pdf, id=73, 586.19pt x 586.19pt>
File: figures/11-20/test-iCb2.pdf Graphic file (type pdf)

<use figures/11-20/test-iCb2.pdf>
Package pdftex.def Info: figures/11-20/test-iCb2.pdf used on input line 361.
(pdftex.def)             Requested size: 89.73425pt x 89.73149pt.

<figures/11-20/test-iCa3.pdf, id=74, 585.16321pt x 585.16327pt>
File: figures/11-20/test-iCa3.pdf Graphic file (type pdf)

<use figures/11-20/test-iCa3.pdf>
Package pdftex.def Info: figures/11-20/test-iCa3.pdf used on input line 363.
(pdftex.def)             Requested size: 89.73425pt x 89.73505pt.

<figures/11-20/test-Cb3.pdf, id=75, 586.19pt x 586.19pt>
File: figures/11-20/test-Cb3.pdf Graphic file (type pdf)

<use figures/11-20/test-Cb3.pdf>
Package pdftex.def Info: figures/11-20/test-Cb3.pdf used on input line 365.
(pdftex.def)             Requested size: 89.73425pt x 89.73149pt.

<figures/11-20/test-iCb3.pdf, id=76, 586.19pt x 586.19pt>
File: figures/11-20/test-iCb3.pdf Graphic file (type pdf)

<use figures/11-20/test-iCb3.pdf>
Package pdftex.def Info: figures/11-20/test-iCb3.pdf used on input line 367.
(pdftex.def)             Requested size: 89.73425pt x 89.73149pt.


! Class scrbook Error: undefined old font command `\it'.

See the scrbook class documentation for explanation.
Type  H <return>  for immediate help.
 ...                                              
                                                  
l.373 ..., subsurface layers are in pale colors.}}
                                                  
You should note that since 1994 LaTeX2e provides a new font selection scheme
called NFSS2 with several new, combinable font commands. KOMA-Script
classes had defined the old font commands like `\it' only for compatibility
with old LaTeX 2.09 document styles of Script 2.0. Nevertheless, these
commands are deprecated and undocumented at least since 2003. Since 2013
KOMA-Script classes warned about soon removement of these deprecated commands.
Now, after two decades of LaTeX2e and NFSS2, these commands will not work any
more. If loading a package results in this error message, you should contact
the author of that package and ask him to replace the deprecated font command
`\it', e.g., by `\normalfont \itshape `. Otherwise you should reconfigure
or replace the package. If you have used the old font command `\it' yourself,
you should replace it, e.g., by `\normalfont \itshape '.
To make it work for now, you can use the already also deprecated class option
`enabledeprecatedfontcommands'.


! Class scrbook Error: undefined old font command `\it'.

See the scrbook class documentation for explanation.
Type  H <return>  for immediate help.
 ...                                              
                                                  
l.373 ..., subsurface layers are in pale colors.}}
                                                  
You should note that since 1994 LaTeX2e provides a new font selection scheme
called NFSS2 with several new, combinable font commands. KOMA-Script
classes had defined the old font commands like `\it' only for compatibility
with old LaTeX 2.09 document styles of Script 2.0. Nevertheless, these
commands are deprecated and undocumented at least since 2003. Since 2013
KOMA-Script classes warned about soon removement of these deprecated commands.
Now, after two decades of LaTeX2e and NFSS2, these commands will not work any
more. If loading a package results in this error message, you should contact
the author of that package and ask him to replace the deprecated font command
`\it', e.g., by `\normalfont \itshape `. Otherwise you should reconfigure
or replace the package. If you have used the old font command `\it' yourself,
you should replace it, e.g., by `\normalfont \itshape '.
To make it work for now, you can use the already also deprecated class option
`enabledeprecatedfontcommands'.


Underfull \vbox (badness 10000) has occurred while \output is active []

 [15]
<figures/11-20/SFG_fit.jpg, id=83, 1134.1572pt x 394.1124pt>
File: figures/11-20/SFG_fit.jpg Graphic file (type jpg)

<use figures/11-20/SFG_fit.jpg>
Package pdftex.def Info: figures/11-20/SFG_fit.jpg used on input line 380.
(pdftex.def)             Requested size: 403.80757pt x 140.3228pt.

Underfull \vbox (badness 10000) has occurred while \output is active []

 [16 <./figures/al2o3-crystal.png> <./figures/11-20/supercell_opt.png> <./figur
es/11-20/uc_opt.png>] [17 <./figures/11-20/test-Cb.pdf> <./figures/11-20/test-i
Ca2.pdf

pdfTeX warning: pdflatex (file ./figures/11-20/test-iCa2.pdf): PDF inclusion: m
ultiple pdfs with page group included in a single page
> <./figures/11-20/test-Cb2.pdf

pdfTeX warning: pdflatex (file ./figures/11-20/test-Cb2.pdf): PDF inclusion: mu
ltiple pdfs with page group included in a single page
> <./figures/11-20/test-iCb2.pdf

pdfTeX warning: pdflatex (file ./figures/11-20/test-iCb2.pdf): PDF inclusion: m
ultiple pdfs with page group included in a single page
> <./figures/11-20/test-iCa3.pdf

pdfTeX warning: pdflatex (file ./figures/11-20/test-iCa3.pdf): PDF inclusion: m
ultiple pdfs with page group included in a single page
> <./figures/11-20/test-Cb3.pdf

pdfTeX warning: pdflatex (file ./figures/11-20/test-Cb3.pdf): PDF inclusion: mu
ltiple pdfs with page group included in a single page
> <./figures/11-20/test-iCb3.pdf

pdfTeX warning: pdflatex (file ./figures/11-20/test-iCb3.pdf): PDF inclusion: m
ultiple pdfs with page group included in a single page
> <./figures/11-20/SFG_fit.jpg>] [18]
<figures/11-20/Diss_Cb-Cb2.pdf, id=142, 1203.186pt x 361.9829pt>
File: figures/11-20/Diss_Cb-Cb2.pdf Graphic file (type pdf)

<use figures/11-20/Diss_Cb-Cb2.pdf>
Package pdftex.def Info: figures/11-20/Diss_Cb-Cb2.pdf used on input line 416.
(pdftex.def)             Requested size: 314.07332pt x 94.48892pt.

<figures/11-20/Diss_Cb-Cb3.pdf, id=143, 1206.67169pt x 363.87859pt>
File: figures/11-20/Diss_Cb-Cb3.pdf Graphic file (type pdf)

<use figures/11-20/Diss_Cb-Cb3.pdf>
Package pdftex.def Info: figures/11-20/Diss_Cb-Cb3.pdf used on input line 418.
(pdftex.def)             Requested size: 314.07332pt x 94.70613pt.

<figures/11-20/Diff-OH_Cb2-iCb2.pdf, id=144, 1202.80127pt x 361.82608pt>
File: figures/11-20/Diff-OH_Cb2-iCb2.pdf Graphic file (type pdf)

<use figures/11-20/Diff-OH_Cb2-iCb2.pdf>
Package pdftex.def Info: figures/11-20/Diff-OH_Cb2-iCb2.pdf used on input line 
420.
(pdftex.def)             Requested size: 314.07332pt x 94.47559pt.

<figures/11-20/Diff-OH_Cb2-iCa2.pdf, id=145, 1202.54886pt x 362.04207pt>
File: figures/11-20/Diff-OH_Cb2-iCa2.pdf Graphic file (type pdf)

<use figures/11-20/Diff-OH_Cb2-iCa2.pdf>
Package pdftex.def Info: figures/11-20/Diff-OH_Cb2-iCa2.pdf used on input line 
422.
(pdftex.def)             Requested size: 314.07332pt x 94.55408pt.

<figures/11-20/Diff-H_iCa2-iCa3p.pdf, id=146, 1206.04863pt x 362.30223pt>
File: figures/11-20/Diff-H_iCa2-iCa3p.pdf Graphic file (type pdf)

<use figures/11-20/Diff-H_iCa2-iCa3p.pdf>
Package pdftex.def Info: figures/11-20/Diff-H_iCa2-iCa3p.pdf used on input line
 429.
(pdftex.def)             Requested size: 314.07332pt x 94.34561pt.

<figures/11-20/Diff-H_iCb3pp-iCb3ppp.png, id=147, 2278.5125pt x 451.6875pt>
File: figures/11-20/Diff-H_iCb3pp-iCb3ppp.png Graphic file (type png)

<use figures/11-20/Diff-H_iCb3pp-iCb3ppp.png>
Package pdftex.def Info: figures/11-20/Diff-H_iCb3pp-iCb3ppp.png used on input 
line 431.
(pdftex.def)             Requested size: 314.07332pt x 62.25713pt.
 [19]
Underfull \vbox (badness 7869) has occurred while \output is active []

 [20 <./figures/11-20/Diss_Cb-Cb2.pdf> <./figures/11-20/Diss_Cb-Cb3.pdf

pdfTeX warning: pdflatex (file ./figures/11-20/Diss_Cb-Cb3.pdf): PDF inclusion:
 multiple pdfs with page group included in a single page
> <./figures/11-20/Diff-OH_Cb2-iCb2.pdf

pdfTeX warning: pdflatex (file ./figures/11-20/Diff-OH_Cb2-iCb2.pdf): PDF inclu
sion: multiple pdfs with page group included in a single page
> <./figures/11-20/Diff-OH_Cb2-iCa2.pdf

pdfTeX warning: pdflatex (file ./figures/11-20/Diff-OH_Cb2-iCa2.pdf): PDF inclu
sion: multiple pdfs with page group included in a single page
>] [21 <./figures/11-20/Diff-H_iCa2-iCa3p.pdf> <./figures/11-20/Diff-H_iCb3pp-i
Cb3ppp.png>] [22


]
chapter 3.
<figures/0001/surf_0K_axes.pdf, id=238, 967.93118pt x 687.71014pt>
File: figures/0001/surf_0K_axes.pdf Graphic file (type pdf)

<use figures/0001/surf_0K_axes.pdf>
Package pdftex.def Info: figures/0001/surf_0K_axes.pdf used on input line 455.
(pdftex.def)             Requested size: 201.90378pt x 143.44748pt.

<figures/0001/surf_0K-side.pdf, id=239, 1541.76pt x 819.86299pt>
File: figures/0001/surf_0K-side.pdf Graphic file (type pdf)

<use figures/0001/surf_0K-side.pdf>
Package pdftex.def Info: figures/0001/surf_0K-side.pdf used on input line 457.
(pdftex.def)             Requested size: 201.90378pt x 107.36156pt.

<figures/0001/0001_mol_top.jpg, id=240, 1042.89626pt x 784.9325pt>
File: figures/0001/0001_mol_top.jpg Graphic file (type jpg)

<use figures/0001/0001_mol_top.jpg>
Package pdftex.def Info: figures/0001/0001_mol_top.jpg used on input line 464.
(pdftex.def)             Requested size: 179.4685pt x 135.06564pt.

<figures/0001/0001_1-2-diss_top.jpg, id=241, 1041.8925pt x 783.92876pt>
File: figures/0001/0001_1-2-diss_top.jpg Graphic file (type jpg)

<use figures/0001/0001_1-2-diss_top.jpg>
Package pdftex.def Info: figures/0001/0001_1-2-diss_top.jpg used on input line 
466.
(pdftex.def)             Requested size: 179.4685pt x 135.0245pt.

<figures/0001/0001_1-4-diss_top.jpg, id=242, 1041.8925pt x 785.93625pt>
File: figures/0001/0001_1-4-diss_top.jpg Graphic file (type jpg)

<use figures/0001/0001_1-4-diss_top.jpg>
Package pdftex.def Info: figures/0001/0001_1-4-diss_top.jpg used on input line 
468.
(pdftex.def)             Requested size: 179.4685pt x 135.37027pt.

<figures/0001/0001_1-4p-diss_top_label.pdf, id=243, 833.51402pt x 626.34pt>
File: figures/0001/0001_1-4p-diss_top_label.pdf Graphic file (type pdf)

<use figures/0001/0001_1-4p-diss_top_label.pdf>
Package pdftex.def Info: figures/0001/0001_1-4p-diss_top_label.pdf used on inpu
t line 470.
(pdftex.def)             Requested size: 179.4685pt x 134.86116pt.


! Class scrbook Error: undefined old font command `\it'.

See the scrbook class documentation for explanation.
Type  H <return>  for immediate help.
 ...                                              
                                                  
l.475 ...ly both microcanonical and canonical {\it
                                                   ab-initio} MD to simulate...

You should note that since 1994 LaTeX2e provides a new font selection scheme
called NFSS2 with several new, combinable font commands. KOMA-Script
classes had defined the old font commands like `\it' only for compatibility
with old LaTeX 2.09 document styles of Script 2.0. Nevertheless, these
commands are deprecated and undocumented at least since 2003. Since 2013
KOMA-Script classes warned about soon removement of these deprecated commands.
Now, after two decades of LaTeX2e and NFSS2, these commands will not work any
more. If loading a package results in this error message, you should contact
the author of that package and ask him to replace the deprecated font command
`\it', e.g., by `\normalfont \itshape `. Otherwise you should reconfigure
or replace the package. If you have used the old font command `\it' yourself,
you should replace it, e.g., by `\normalfont \itshape '.
To make it work for now, you can use the already also deprecated class option
`enabledeprecatedfontcommands'.

<figures/0001/perspective+h2o_new.png, id=244, 1222.166pt x 1554.608pt>
File: figures/0001/perspective+h2o_new.png Graphic file (type png)

<use figures/0001/perspective+h2o_new.png>
Package pdftex.def Info: figures/0001/perspective+h2o_new.png used on input lin
e 484.
(pdftex.def)             Requested size: 179.4685pt x 228.27081pt.
 [23] [24 <./figures/0001/surf_0K_axes.pdf> <./figures/0001/surf_0K-side.pdf

pdfTeX warning: pdflatex (file ./figures/0001/surf_0K-side.pdf): PDF inclusion:
 multiple pdfs with page group included in a single page
> <./figures/0001/0001_mol_top.jpg> <./figures/0001/0001_1-2-diss_top.jpg> <./f
igures/0001/0001_1-4-diss_top.jpg> <./figures/0001/0001_1-4p-diss_top_label.pdf


pdfTeX warning: pdflatex (file ./figures/0001/0001_1-4p-diss_top_label.pdf): PD
F inclusion: multiple pdfs with page group included in a single page
>]

! Class scrbook Error: undefined old font command `\it'.

See the scrbook class documentation for explanation.
Type  H <return>  for immediate help.
 ...                                              
                                                  
l.489 \subsubsection{Cluster}
                             
You should note that since 1994 LaTeX2e provides a new font selection scheme
called NFSS2 with several new, combinable font commands. KOMA-Script
classes had defined the old font commands like `\it' only for compatibility
with old LaTeX 2.09 document styles of Script 2.0. Nevertheless, these
commands are deprecated and undocumented at least since 2003. Since 2013
KOMA-Script classes warned about soon removement of these deprecated commands.
Now, after two decades of LaTeX2e and NFSS2, these commands will not work any
more. If loading a package results in this error message, you should contact
the author of that package and ask him to replace the deprecated font command
`\it', e.g., by `\normalfont \itshape `. Otherwise you should reconfigure
or replace the package. If you have used the old font command `\it' yourself,
you should replace it, e.g., by `\normalfont \itshape '.
To make it work for now, you can use the already also deprecated class option
`enabledeprecatedfontcommands'.

<figures/0001/2H2O.pdf, id=294, 1541.76pt x 819.86299pt>
File: figures/0001/2H2O.pdf Graphic file (type pdf)

<use figures/0001/2H2O.pdf>
Package pdftex.def Info: figures/0001/2H2O.pdf used on input line 492.
(pdftex.def)             Requested size: 157.04007pt x 83.50482pt.

<figures/0001/4H2O.pdf, id=295, 1541.76pt x 819.86299pt>
File: figures/0001/4H2O.pdf Graphic file (type pdf)

<use figures/0001/4H2O.pdf>
Package pdftex.def Info: figures/0001/4H2O.pdf used on input line 494.
(pdftex.def)             Requested size: 246.77434pt x 131.21828pt.

Underfull \vbox (badness 10000) has occurred while \output is active []

 [25 <./figures/0001/perspective+h2o_new.png>]

! Class scrbook Error: undefined old font command `\it'.

See the scrbook class documentation for explanation.
Type  H <return>  for immediate help.
 ...                                              
                                                  
l.498 \subsubsection{Preadsorbed Surface}
                                         
You should note that since 1994 LaTeX2e provides a new font selection scheme
called NFSS2 with several new, combinable font commands. KOMA-Script
classes had defined the old font commands like `\it' only for compatibility
with old LaTeX 2.09 document styles of Script 2.0. Nevertheless, these
commands are deprecated and undocumented at least since 2003. Since 2013
KOMA-Script classes warned about soon removement of these deprecated commands.
Now, after two decades of LaTeX2e and NFSS2, these commands will not work any
more. If loading a package results in this error message, you should contact
the author of that package and ask him to replace the deprecated font command
`\it', e.g., by `\normalfont \itshape `. Otherwise you should reconfigure
or replace the package. If you have used the old font command `\it' yourself,
you should replace it, e.g., by `\normalfont \itshape '.
To make it work for now, you can use the already also deprecated class option
`enabledeprecatedfontcommands'.


! Class scrbook Error: undefined old font command `\it'.

See the scrbook class documentation for explanation.
Type  H <return>  for immediate help.
 ...                                              
                                                  
l.499 ...nally and Vibrationally Preexcited Water}
                                                  
You should note that since 1994 LaTeX2e provides a new font selection scheme
called NFSS2 with several new, combinable font commands. KOMA-Script
classes had defined the old font commands like `\it' only for compatibility
with old LaTeX 2.09 document styles of Script 2.0. Nevertheless, these
commands are deprecated and undocumented at least since 2003. Since 2013
KOMA-Script classes warned about soon removement of these deprecated commands.
Now, after two decades of LaTeX2e and NFSS2, these commands will not work any
more. If loading a package results in this error message, you should contact
the author of that package and ask him to replace the deprecated font command
`\it', e.g., by `\normalfont \itshape `. Otherwise you should reconfigure
or replace the package. If you have used the old font command `\it' yourself,
you should replace it, e.g., by `\normalfont \itshape '.
To make it work for now, you can use the already also deprecated class option
`enabledeprecatedfontcommands'.

[26 <./figures/0001/2H2O.pdf> <./figures/0001/4H2O.pdf

pdfTeX warning: pdflatex (file ./figures/0001/4H2O.pdf): PDF inclusion: multipl
e pdfs with page group included in a single page
>] [27

]

! Class scrbook Error: undefined old font command `\it'.

See the scrbook class documentation for explanation.
Type  H <return>  for immediate help.
 ...                                              
                                                  
l.532 ...alculated by the following equation: {\it
                                                   equation}
You should note that since 1994 LaTeX2e provides a new font selection scheme
called NFSS2 with several new, combinable font commands. KOMA-Script
classes had defined the old font commands like `\it' only for compatibility
with old LaTeX 2.09 document styles of Script 2.0. Nevertheless, these
commands are deprecated and undocumented at least since 2003. Since 2013
KOMA-Script classes warned about soon removement of these deprecated commands.
Now, after two decades of LaTeX2e and NFSS2, these commands will not work any
more. If loading a package results in this error message, you should contact
the author of that package and ask him to replace the deprecated font command
`\it', e.g., by `\normalfont \itshape `. Otherwise you should reconfigure
or replace the package. If you have used the old font command `\it' yourself,
you should replace it, e.g., by `\normalfont \itshape '.
To make it work for now, you can use the already also deprecated class option
`enabledeprecatedfontcommands'.

[28]
chapter without number
[29


] [30

]
chapter without number
[31


] [32

]

! Class scrbook Error: undefined old font command `\it'.

See the scrbook class documentation for explanation.
Type  H <return>  for immediate help.
 ...                                              
                                                  
l.588 \subsubsection{This Work:}
                                
You should note that since 1994 LaTeX2e provides a new font selection scheme
called NFSS2 with several new, combinable font commands. KOMA-Script
classes had defined the old font commands like `\it' only for compatibility
with old LaTeX 2.09 document styles of Script 2.0. Nevertheless, these
commands are deprecated and undocumented at least since 2003. Since 2013
KOMA-Script classes warned about soon removement of these deprecated commands.
Now, after two decades of LaTeX2e and NFSS2, these commands will not work any
more. If loading a package results in this error message, you should contact
the author of that package and ask him to replace the deprecated font command
`\it', e.g., by `\normalfont \itshape `. Otherwise you should reconfigure
or replace the package. If you have used the old font command `\it' yourself,
you should replace it, e.g., by `\normalfont \itshape '.
To make it work for now, you can use the already also deprecated class option
`enabledeprecatedfontcommands'.


! Class scrbook Error: undefined old font command `\it'.

See the scrbook class documentation for explanation.
Type  H <return>  for immediate help.
 ...                                              
                                                  
l.592 ... Campen, R. K.: {\frqq}title{\flqq}, {\it
                                                   Journal} {\bf year,} {\it...

You should note that since 1994 LaTeX2e provides a new font selection scheme
called NFSS2 with several new, combinable font commands. KOMA-Script
classes had defined the old font commands like `\it' only for compatibility
with old LaTeX 2.09 document styles of Script 2.0. Nevertheless, these
commands are deprecated and undocumented at least since 2003. Since 2013
KOMA-Script classes warned about soon removement of these deprecated commands.
Now, after two decades of LaTeX2e and NFSS2, these commands will not work any
more. If loading a package results in this error message, you should contact
the author of that package and ask him to replace the deprecated font command
`\it', e.g., by `\normalfont \itshape `. Otherwise you should reconfigure
or replace the package. If you have used the old font command `\it' yourself,
you should replace it, e.g., by `\normalfont \itshape '.
To make it work for now, you can use the already also deprecated class option
`enabledeprecatedfontcommands'.


! Class scrbook Error: undefined old font command `\bf'.

See the scrbook class documentation for explanation.
Type  H <return>  for immediate help.
 ...                                              
                                                  
l.592 ...: {\frqq}title{\flqq}, {\it Journal} {\bf
                                                   year,} {\it vol,} pp.
You should note that since 1994 LaTeX2e provides a new font selection scheme
called NFSS2 with several new, combinable font commands. KOMA-Script
classes had defined the old font commands like `\bf' only for compatibility
with old LaTeX 2.09 document styles of Script 2.0. Nevertheless, these
commands are deprecated and undocumented at least since 2003. Since 2013
KOMA-Script classes warned about soon removement of these deprecated commands.
Now, after two decades of LaTeX2e and NFSS2, these commands will not work any
more. If loading a package results in this error message, you should contact
the author of that package and ask him to replace the deprecated font command
`\bf', e.g., by `\normalfont \bfseries `. Otherwise you should reconfigure
or replace the package. If you have used the old font command `\bf' yourself,
you should replace it, e.g., by `\normalfont \bfseries '.
To make it work for now, you can use the already also deprecated class option
`enabledeprecatedfontcommands'.


! Class scrbook Error: undefined old font command `\it'.

See the scrbook class documentation for explanation.
Type  H <return>  for immediate help.
 ...                                              
                                                  
l.592 ...le{\flqq}, {\it Journal} {\bf year,} {\it
                                                   vol,} pp.
You should note that since 1994 LaTeX2e provides a new font selection scheme
called NFSS2 with several new, combinable font commands. KOMA-Script
classes had defined the old font commands like `\it' only for compatibility
with old LaTeX 2.09 document styles of Script 2.0. Nevertheless, these
commands are deprecated and undocumented at least since 2003. Since 2013
KOMA-Script classes warned about soon removement of these deprecated commands.
Now, after two decades of LaTeX2e and NFSS2, these commands will not work any
more. If loading a package results in this error message, you should contact
the author of that package and ask him to replace the deprecated font command
`\it', e.g., by `\normalfont \itshape `. Otherwise you should reconfigure
or replace the package. If you have used the old font command `\it' yourself,
you should replace it, e.g., by `\normalfont \itshape '.
To make it work for now, you can use the already also deprecated class option
`enabledeprecatedfontcommands'.


! Class scrbook Error: undefined old font command `\it'.

See the scrbook class documentation for explanation.
Type  H <return>  for immediate help.
 ...                                              
                                                  
l.593 ... Saalfrank, P.: {\frqq}title{\flqq}, {\it
                                                   Journal} {\bf year,} {\it...

You should note that since 1994 LaTeX2e provides a new font selection scheme
called NFSS2 with several new, combinable font commands. KOMA-Script
classes had defined the old font commands like `\it' only for compatibility
with old LaTeX 2.09 document styles of Script 2.0. Nevertheless, these
commands are deprecated and undocumented at least since 2003. Since 2013
KOMA-Script classes warned about soon removement of these deprecated commands.
Now, after two decades of LaTeX2e and NFSS2, these commands will not work any
more. If loading a package results in this error message, you should contact
the author of that package and ask him to replace the deprecated font command
`\it', e.g., by `\normalfont \itshape `. Otherwise you should reconfigure
or replace the package. If you have used the old font command `\it' yourself,
you should replace it, e.g., by `\normalfont \itshape '.
To make it work for now, you can use the already also deprecated class option
`enabledeprecatedfontcommands'.


! Class scrbook Error: undefined old font command `\bf'.

See the scrbook class documentation for explanation.
Type  H <return>  for immediate help.
 ...                                              
                                                  
l.593 ...: {\frqq}title{\flqq}, {\it Journal} {\bf
                                                   year,} {\it vol,} pp.
You should note that since 1994 LaTeX2e provides a new font selection scheme
called NFSS2 with several new, combinable font commands. KOMA-Script
classes had defined the old font commands like `\bf' only for compatibility
with old LaTeX 2.09 document styles of Script 2.0. Nevertheless, these
commands are deprecated and undocumented at least since 2003. Since 2013
KOMA-Script classes warned about soon removement of these deprecated commands.
Now, after two decades of LaTeX2e and NFSS2, these commands will not work any
more. If loading a package results in this error message, you should contact
the author of that package and ask him to replace the deprecated font command
`\bf', e.g., by `\normalfont \bfseries `. Otherwise you should reconfigure
or replace the package. If you have used the old font command `\bf' yourself,
you should replace it, e.g., by `\normalfont \bfseries '.
To make it work for now, you can use the already also deprecated class option
`enabledeprecatedfontcommands'.


! Class scrbook Error: undefined old font command `\it'.

See the scrbook class documentation for explanation.
Type  H <return>  for immediate help.
 ...                                              
                                                  
l.593 ...le{\flqq}, {\it Journal} {\bf year,} {\it
                                                   vol,} pp.
You should note that since 1994 LaTeX2e provides a new font selection scheme
called NFSS2 with several new, combinable font commands. KOMA-Script
classes had defined the old font commands like `\it' only for compatibility
with old LaTeX 2.09 document styles of Script 2.0. Nevertheless, these
commands are deprecated and undocumented at least since 2003. Since 2013
KOMA-Script classes warned about soon removement of these deprecated commands.
Now, after two decades of LaTeX2e and NFSS2, these commands will not work any
more. If loading a package results in this error message, you should contact
the author of that package and ask him to replace the deprecated font command
`\it', e.g., by `\normalfont \itshape `. Otherwise you should reconfigure
or replace the package. If you have used the old font command `\it' yourself,
you should replace it, e.g., by `\normalfont \itshape '.
To make it work for now, you can use the already also deprecated class option
`enabledeprecatedfontcommands'.

[33

] [34


]
chapter without number
[35]
Underfull \hbox (badness 10000) in paragraph at lines 626--627

 []


Package bibentry Warning: You have used \nobibliography* 
(bibentry)                without a following \bibliography.
(bibentry)                You may not be able to run BibTeX.

[36

] (dissertation.aux) ) 
Here is how much of TeX's memory you used:
 9385 strings out of 493323
 150014 string characters out of 3139063
 313331 words of memory out of 3000000
 12650 multiletter control sequences out of 15000+200000
 147273 words of font info for 120 fonts, out of 3000000 for 9000
 1158 hyphenation exceptions out of 8191
 48i,11n,66p,8852b,348s stack positions out of 5000i,500n,10000p,200000b,50000s
{C:/Program Files/MiKTeX 2.9/fonts/enc/dvips/lm/lm-ec.enc
}{C:/Program Files/MiKTeX 2.9/fonts/enc/dvips/lm/lm-mathsy.enc}{C:/Program File
s/MiKTeX 2.9/fonts/enc/dvips/lm/lm-rm.enc}{C:/Program Files/MiKTeX 2.9/fonts/en
c/dvips/lm/lm-mathit.enc}{C:/Program Files/MiKTeX 2.9/fonts/enc/dvips/lm/lm-ts1
.enc}{C:/Program Files/MiKTeX 2.9/fonts/enc/dvips/lm/lm-mathex.enc}<C:/Program 
Files/MiKTeX 2.9/fonts/type1/public/amsfonts/euler/eurb10.pfb><C:/Program Files
/MiKTeX 2.9/fonts/type1/public/amsfonts/euler/eurm10.pfb><C:/Program Files/MiKT
eX 2.9/fonts/type1/public/lm/lmbx10.pfb><C:/Program Files/MiKTeX 2.9/fonts/type
1/public/lm/lmbx12.pfb><C:/Program Files/MiKTeX 2.9/fonts/type1/public/lm/lmbx8
.pfb><C:/Program Files/MiKTeX 2.9/fonts/type1/public/lm/lmbxi10.pfb><C:/Program
 Files/MiKTeX 2.9/fonts/type1/public/lm/lmex10.pfb><C:/Program Files/MiKTeX 2.9
/fonts/type1/public/lm/lmmi10.pfb><C:/Program Files/MiKTeX 2.9/fonts/type1/publ
ic/lm/lmmi6.pfb><C:/Program Files/MiKTeX 2.9/fonts/type1/public/lm/lmmi8.pfb><C
:/Program Files/MiKTeX 2.9/fonts/type1/public/lm/lmmi9.pfb><C:/Program Files/Mi
KTeX 2.9/fonts/type1/public/lm/lmr10.pfb><C:/Program Files/MiKTeX 2.9/fonts/typ
e1/public/lm/lmr6.pfb><C:/Program Files/MiKTeX 2.9/fonts/type1/public/lm/lmr8.p
fb><C:/Program Files/MiKTeX 2.9/fonts/type1/public/lm/lmri10.pfb><C:/Program Fi
les/MiKTeX 2.9/fonts/type1/public/lm/lmri12.pfb><C:/Program Files/MiKTeX 2.9/fo
nts/type1/public/lm/lmro10.pfb><C:/Program Files/MiKTeX 2.9/fonts/type1/public/
lm/lmss10.pfb><C:/Program Files/MiKTeX 2.9/fonts/type1/public/lm/lmss12.pfb><C:
/Program Files/MiKTeX 2.9/fonts/type1/public/lm/lmss9.pfb><C:/Program Files/MiK
TeX 2.9/fonts/type1/public/lm/lmssbx10.pfb><C:/Program Files/MiKTeX 2.9/fonts/t
ype1/public/lm/lmsy10.pfb><C:/Program Files/MiKTeX 2.9/fonts/type1/public/lm/lm
sy6.pfb><C:/Program Files/MiKTeX 2.9/fonts/type1/public/lm/lmsy8.pfb><C:/Progra
m Files/MiKTeX 2.9/fonts/type1/public/lm/lmsy9.pfb>
Output written on dissertation.pdf (36 pages, 23283675 bytes).
PDF statistics:
 441 PDF objects out of 1000 (max. 8388607)
 0 named destinations out of 1000 (max. 500000)
 136 words of extra memory for PDF output out of 10000 (max. 10000000)

